# JRE version: OpenJDK Runtime Environment Temurin-17.0.3+7 (17.0.3+7) (build 17.0.3+7)
# Java VM: OpenJDK 64-Bit Server VM Temurin-17.0.3+7 (17.0.3+7, mixed mode, tiered, compressed oops, compressed class ptrs, g1 gc, windows-amd64)
GC Precious Log:
 CPUs: 8 total, 8 available
 Memory: 3971M
 Large Page Support: Disabled
 NUMA Support: Disabled
 Compressed Oops: Enabled (32-bit)
 Heap Region Size: 1M
 Heap Min Capacity: 8M
 Heap Initial Capacity: 64M
 Heap Max Capacity: 994M
 Pre-touch: Disabled
 Parallel Workers: 8
 Concurrent Workers: 2
 Concurrent Refinement Workers: 8
 Periodic GC: Disabled
Heap:
 garbage-first heap   total 50176K, used 29809K [0x00000000c1e00000, 0x0000000100000000)
  region size 1024K, 6 young (6144K), 2 survivors (2048K)
 Metaspace       used 65966K, committed 66304K, reserved 1114112K
  class space    used 8480K, committed 8640K, reserved 1048576K
GC Heap History (20 events):
Event: 12.295 GC heap before
{Heap before GC invocations=14 (full 0):
 garbage-first heap   total 37888K, used 27570K [0x00000000c1e00000, 0x0000000100000000)
  region size 1024K, 12 young (12288K), 2 survivors (2048K)
 Metaspace       used 47058K, committed 47424K, reserved 1097728K
  class space    used 5877K, committed 6080K, reserved 1048576K
}
Event: 12.298 GC heap after
{Heap after GC invocations=15 (full 0):
 garbage-first heap   total 37888K, used 19625K [0x00000000c1e00000, 0x0000000100000000)
  region size 1024K, 2 young (2048K), 2 survivors (2048K)
 Metaspace       used 47058K, committed 47424K, reserved 1097728K
  class space    used 5877K, committed 6080K, reserved 1048576K
}
Event: 12.783 GC heap before
{Heap before GC invocations=15 (full 0):
 garbage-first heap   total 37888K, used 29865K [0x00000000c1e00000, 0x0000000100000000)
  region size 1024K, 12 young (12288K), 2 survivors (2048K)
 Metaspace       used 51733K, committed 52032K, reserved 1097728K
  class space    used 6467K, committed 6656K, reserved 1048576K
}
Event: 12.786 GC heap after
{Heap after GC invocations=16 (full 0):
 garbage-first heap   total 37888K, used 20457K [0x00000000c1e00000, 0x0000000100000000)
  region size 1024K, 1 young (1024K), 1 survivors (1024K)
 Metaspace       used 51733K, committed 52032K, reserved 1097728K
  class space    used 6467K, committed 6656K, reserved 1048576K
}
Event: 12.936 GC heap before
{Heap before GC invocations=17 (full 0):
 garbage-first heap   total 39936K, used 29673K [0x00000000c1e00000, 0x0000000100000000)
  region size 1024K, 10 young (10240K), 1 survivors (1024K)
 Metaspace       used 52763K, committed 53120K, reserved 1097728K
  class space    used 6597K, committed 6784K, reserved 1048576K
}
Event: 12.938 GC heap after
{Heap after GC invocations=18 (full 0):
 garbage-first heap   total 39936K, used 20917K [0x00000000c1e00000, 0x0000000100000000)
  region size 1024K, 2 young (2048K), 2 survivors (2048K)
 Metaspace       used 52763K, committed 53120K, reserved 1097728K
  class space    used 6597K, committed 6784K, reserved 1048576K
}
Event: 13.129 GC heap before
{Heap before GC invocations=18 (full 0):
 garbage-first heap   total 39936K, used 31157K [0x00000000c1e00000, 0x0000000100000000)
  region size 1024K, 12 young (12288K), 2 survivors (2048K)
 Metaspace       used 54512K, committed 54848K, reserved 1097728K
  class space    used 6810K, committed 6976K, reserved 1048576K
}
Event: 13.131 GC heap after
{Heap after GC invocations=19 (full 0):
 garbage-first heap   total 39936K, used 21443K [0x00000000c1e00000, 0x0000000100000000)
  region size 1024K, 2 young (2048K), 2 survivors (2048K)
 Metaspace       used 54512K, committed 54848K, reserved 1097728K
  class space    used 6810K, committed 6976K, reserved 1048576K
}
Event: 13.460 GC heap before
{Heap before GC invocations=20 (full 0):
 garbage-first heap   total 40960K, used 29635K [0x00000000c1e00000, 0x0000000100000000)
  region size 1024K, 11 young (11264K), 2 survivors (2048K)
 Metaspace       used 57150K, committed 57472K, reserved 1105920K
  class space    used 7290K, committed 7424K, reserved 1048576K
}
Event: 13.464 GC heap after
{Heap after GC invocations=21 (full 0):
 garbage-first heap   total 40960K, used 21816K [0x00000000c1e00000, 0x0000000100000000)
  region size 1024K, 1 young (1024K), 1 survivors (1024K)
 Metaspace       used 57150K, committed 57472K, reserved 1105920K
  class space    used 7290K, committed 7424K, reserved 1048576K
}
Event: 14.445 GC heap before
{Heap before GC invocations=21 (full 0):
 garbage-first heap   total 40960K, used 33080K [0x00000000c1e00000, 0x0000000100000000)
  region size 1024K, 12 young (12288K), 1 survivors (1024K)
 Metaspace       used 59474K, committed 59776K, reserved 1105920K
  class space    used 7597K, committed 7744K, reserved 1048576K
}
Event: 14.449 GC heap after
{Heap after GC invocations=22 (full 0):
 garbage-first heap   total 40960K, used 22774K [0x00000000c1e00000, 0x0000000100000000)
  region size 1024K, 2 young (2048K), 2 survivors (2048K)
 Metaspace       used 59474K, committed 59776K, reserved 1105920K
  class space    used 7597K, committed 7744K, reserved 1048576K
}
Event: 15.320 GC heap before
{Heap before GC invocations=23 (full 0):
 garbage-first heap   total 43008K, used 31990K [0x00000000c1e00000, 0x0000000100000000)
  region size 1024K, 11 young (11264K), 2 survivors (2048K)
 Metaspace       used 61422K, committed 61696K, reserved 1105920K
  class space    used 7877K, committed 8000K, reserved 1048576K
}
Event: 15.325 GC heap after
{Heap after GC invocations=24 (full 0):
 garbage-first heap   total 43008K, used 23441K [0x00000000c1e00000, 0x0000000100000000)
  region size 1024K, 2 young (2048K), 2 survivors (2048K)
 Metaspace       used 61422K, committed 61696K, reserved 1105920K
  class space    used 7877K, committed 8000K, reserved 1048576K
}
Event: 16.068 GC heap before
{Heap before GC invocations=24 (full 0):
 garbage-first heap   total 43008K, used 32657K [0x00000000c1e00000, 0x0000000100000000)
  region size 1024K, 12 young (12288K), 2 survivors (2048K)
 Metaspace       used 62977K, committed 63360K, reserved 1105920K
  class space    used 8082K, committed 8256K, reserved 1048576K
}
Event: 16.079 GC heap after
{Heap after GC invocations=25 (full 0):
 garbage-first heap   total 43008K, used 24397K [0x00000000c1e00000, 0x0000000100000000)
  region size 1024K, 2 young (2048K), 2 survivors (2048K)
 Metaspace       used 62977K, committed 63360K, reserved 1105920K
  class space    used 8082K, committed 8256K, reserved 1048576K
}
Event: 16.728 GC heap before
{Heap before GC invocations=26 (full 0):
 garbage-first heap   total 45056K, used 32589K [0x00000000c1e00000, 0x0000000100000000)
  region size 1024K, 11 young (11264K), 2 survivors (2048K)
 Metaspace       used 64028K, committed 64384K, reserved 1105920K
  class space    used 8236K, committed 8448K, reserved 1048576K
}
Event: 16.733 GC heap after
{Heap after GC invocations=27 (full 0):
 garbage-first heap   total 45056K, used 25429K [0x00000000c1e00000, 0x0000000100000000)
  region size 1024K, 2 young (2048K), 2 survivors (2048K)
 Metaspace       used 64028K, committed 64384K, reserved 1105920K
  class space    used 8236K, committed 8448K, reserved 1048576K
}
Event: 17.624 GC heap before
{Heap before GC invocations=27 (full 0):
 garbage-first heap   total 45056K, used 34645K [0x00000000c1e00000, 0x0000000100000000)
  region size 1024K, 12 young (12288K), 2 survivors (2048K)
 Metaspace       used 65356K, committed 65792K, reserved 1114112K
  class space    used 8415K, committed 8640K, reserved 1048576K
}
Event: 17.627 GC heap after
{Heap after GC invocations=28 (full 0):
 garbage-first heap   total 45056K, used 26737K [0x00000000c1e00000, 0x0000000100000000)
  region size 1024K, 2 young (2048K), 2 survivors (2048K)
 Metaspace       used 65356K, committed 65792K, reserved 1114112K
  class space    used 8415K, committed 8640K, reserved 1048576K
}

